c:\users\usuario\documents\visual studio 2015\projects\git clones\graficas\graficas_sumano\working_v2\graficas_sumano_v2\project\lib\vstuff\idv_framework\debug\win32\idv_framework.pdb
c:\users\usuario\documents\visual studio 2015\projects\git clones\graficas\graficas_sumano\working_v2\graficas_sumano_v2\project\lib\vstuff\idv_framework\debug\win32\idv_framework.idb
c:\users\usuario\documents\visual studio 2015\projects\git clones\graficas\graficas_sumano\working_v2\graficas_sumano_v2\project\lib\vstuff\idv_framework\debug\win32\idvd3dmesh.obj
c:\users\usuario\documents\visual studio 2015\projects\git clones\graficas\graficas_sumano\working_v2\graficas_sumano_v2\project\lib\vstuff\idv_framework\debug\win32\idvd3dquad.obj
c:\users\usuario\documents\visual studio 2015\projects\git clones\graficas\graficas_sumano\working_v2\graficas_sumano_v2\project\lib\vstuff\idv_framework\debug\win32\idvglmesh.obj
c:\users\usuario\documents\visual studio 2015\projects\git clones\graficas\graficas_sumano\working_v2\graficas_sumano_v2\project\lib\vstuff\idv_framework\debug\win32\idvglquad.obj
c:\users\usuario\documents\visual studio 2015\projects\git clones\graficas\graficas_sumano\working_v2\graficas_sumano_v2\project\lib\vstuff\idv_framework\debug\win32\idvprimitiveinstance.obj
c:\users\usuario\documents\visual studio 2015\projects\git clones\graficas\graficas_sumano\working_v2\graficas_sumano_v2\project\lib\vstuff\idv_framework\debug\win32\idvprimitivemanager.obj
c:\users\usuario\documents\visual studio 2015\projects\git clones\graficas\graficas_sumano\working_v2\graficas_sumano_v2\project\lib\vstuff\idv_framework\debug\win32\idvsceneprop.obj
c:\users\usuario\documents\visual studio 2015\projects\git clones\graficas\graficas_sumano\working_v2\graficas_sumano_v2\project\lib\vstuff\idv_framework\debug\win32\idvutils.obj
c:\users\usuario\documents\visual studio 2015\projects\git clones\graficas\graficas_sumano\working_v2\graficas_sumano_v2\project\lib\vstuff\idv_framework\debug\win32\idvbasedriver.obj
c:\users\usuario\documents\visual studio 2015\projects\git clones\graficas\graficas_sumano\working_v2\graficas_sumano_v2\project\lib\vstuff\idv_framework\debug\win32\idvd3dxdriver.obj
c:\users\usuario\documents\visual studio 2015\projects\git clones\graficas\graficas_sumano\working_v2\graficas_sumano_v2\project\lib\vstuff\idv_framework\debug\win32\idvd3dxshader.obj
c:\users\usuario\documents\visual studio 2015\projects\git clones\graficas\graficas_sumano\working_v2\graficas_sumano_v2\project\lib\vstuff\idv_framework\debug\win32\idvgldriver.obj
c:\users\usuario\documents\visual studio 2015\projects\git clones\graficas\graficas_sumano\working_v2\graficas_sumano_v2\project\lib\vstuff\idv_framework\debug\win32\idvglshader.obj
c:\users\usuario\documents\visual studio 2015\projects\git clones\graficas\graficas_sumano\working_v2\graficas_sumano_v2\project\lib\vstuff\idv_framework\debug\win32\idvwin32manager.obj
c:\users\usuario\documents\visual studio 2015\projects\git clones\graficas\graficas_sumano\working_v2\graficas_sumano_v2\project\lib\vstuff\idv_framework\debug\win32\idv_framework.res
c:\users\usuario\documents\visual studio 2015\projects\git clones\graficas\graficas_sumano\working_v2\graficas_sumano_v2\project\lib\vstuff\idv_framework\debug\win32\idv_framework.tlog\cl.command.1.tlog
c:\users\usuario\documents\visual studio 2015\projects\git clones\graficas\graficas_sumano\working_v2\graficas_sumano_v2\project\lib\vstuff\idv_framework\debug\win32\idv_framework.tlog\cl.read.1.tlog
c:\users\usuario\documents\visual studio 2015\projects\git clones\graficas\graficas_sumano\working_v2\graficas_sumano_v2\project\lib\vstuff\idv_framework\debug\win32\idv_framework.tlog\cl.write.1.tlog
c:\users\usuario\documents\visual studio 2015\projects\git clones\graficas\graficas_sumano\working_v2\graficas_sumano_v2\project\lib\vstuff\idv_framework\debug\win32\idv_framework.tlog\lib-link.read.1.tlog
c:\users\usuario\documents\visual studio 2015\projects\git clones\graficas\graficas_sumano\working_v2\graficas_sumano_v2\project\lib\vstuff\idv_framework\debug\win32\idv_framework.tlog\lib-link.write.1.tlog
c:\users\usuario\documents\visual studio 2015\projects\git clones\graficas\graficas_sumano\working_v2\graficas_sumano_v2\project\lib\vstuff\idv_framework\debug\win32\idv_framework.tlog\lib.command.1.tlog
c:\users\usuario\documents\visual studio 2015\projects\git clones\graficas\graficas_sumano\working_v2\graficas_sumano_v2\project\lib\vstuff\idv_framework\debug\win32\idv_framework.tlog\rc.command.1.tlog
c:\users\usuario\documents\visual studio 2015\projects\git clones\graficas\graficas_sumano\working_v2\graficas_sumano_v2\project\lib\vstuff\idv_framework\debug\win32\idv_framework.tlog\rc.read.1.tlog
c:\users\usuario\documents\visual studio 2015\projects\git clones\graficas\graficas_sumano\working_v2\graficas_sumano_v2\project\lib\vstuff\idv_framework\debug\win32\idv_framework.tlog\rc.write.1.tlog
